<?xml version="1.0" encoding="UTF-8"?>
<testng-results ignored="0" total="1" passed="1" failed="0" skipped="0">
  <reporter-output>
  </reporter-output>
  <suite started-at="2025-03-21T20:32:21 IST" name="Default suite" finished-at="2025-03-21T20:32:22 IST" duration-ms="1009">
    <groups>
    </groups>
    <test started-at="2025-03-21T20:32:21 IST" name="Default test" finished-at="2025-03-21T20:32:22 IST" duration-ms="1009">
      <class name="practice.JDBCSampleProgram">
        <test-method signature="executeQuerySample()[pri:0, instance:practice.JDBCSampleProgram@33bc72d1]" started-at="2025-03-21T20:32:22 IST" name="executeQuerySample" finished-at="2025-03-21T20:32:22 IST" duration-ms="935" status="PASS">
          <reporter-output>
          </reporter-output>
        </test-method> <!-- executeQuerySample -->
      </class> <!-- practice.JDBCSampleProgram -->
    </test> <!-- Default test -->
  </suite> <!-- Default suite -->
</testng-results>
